{"duration":"2.054375ms","level":"info","method":"POST","msg":"Handled request","path":"/update/gauge/BuckHashSys/7708","size":23,"status":400,"time":"2024-04-02T16:15:41+08:00"}
{"duration":"112.208µs","level":"info","method":"POST","msg":"Handled request","path":"/update/gauge/Mallocs/1151","size":23,"status":400,"time":"2024-04-02T16:15:41+08:00"}
{"duration":"397.084µs","level":"info","method":"POST","msg":"Handled request","path":"/update/","size":72,"status":200,"time":"2024-04-02T16:15:41+08:00"}
{"duration":"193.166µs","level":"info","method":"POST","msg":"Handled request","path":"/update/","size":68,"status":200,"time":"2024-04-02T16:15:41+08:00"}
{"duration":"305.666µs","level":"info","method":"POST","msg":"Handled request","path":"/update/gauge/HeapInuse/811008","size":23,"status":400,"time":"2024-04-02T16:15:41+08:00"}
{"duration":"83.25µs","level":"info","method":"POST","msg":"Handled request","path":"/update/gauge/HeapSys/3.833856e+06","size":23,"status":400,"time":"2024-04-02T16:15:41+08:00"}
{"duration":"196.042µs","level":"info","method":"POST","msg":"Handled request","path":"/update/","size":70,"status":200,"time":"2024-04-02T16:15:41+08:00"}
{"duration":"74.167µs","level":"info","method":"POST","msg":"Handled request","path":"/update/gauge/NumForcedGC/0","size":23,"status":400,"time":"2024-04-02T16:15:41+08:00"}
{"duration":"807.458µs","level":"info","method":"POST","msg":"Handled request","path":"/update/gauge/Sys/6.704144e+06","size":23,"status":400,"time":"2024-04-02T16:15:41+08:00"}
{"duration":"1.354ms","level":"info","method":"POST","msg":"Handled request","path":"/update/","size":71,"status":200,"time":"2024-04-02T16:15:41+08:00"}
{"duration":"124.458µs","level":"info","method":"POST","msg":"Handled request","path":"/update/","size":69,"status":200,"time":"2024-04-02T16:15:41+08:00"}
{"duration":"196.417µs","level":"info","method":"POST","msg":"Handled request","path":"/update/gauge/PauseTotalNs/0","size":23,"status":400,"time":"2024-04-02T16:15:41+08:00"}
{"duration":"250.542µs","level":"info","method":"POST","msg":"Handled request","path":"/update/","size":67,"status":200,"time":"2024-04-02T16:15:41+08:00"}
{"duration":"60.75µs","level":"info","method":"POST","msg":"Handled request","path":"/update/gauge/LastGC/0","size":23,"status":400,"time":"2024-04-02T16:15:41+08:00"}
{"duration":"665.125µs","level":"info","method":"POST","msg":"Handled request","path":"/update/","size":70,"status":200,"time":"2024-04-02T16:15:41+08:00"}
{"duration":"231.167µs","level":"info","method":"POST","msg":"Handled request","path":"/update/gauge/MCacheInuse/13200","size":23,"status":400,"time":"2024-04-02T16:15:41+08:00"}
{"duration":"121.292µs","level":"info","method":"POST","msg":"Handled request","path":"/update/","size":64,"status":200,"time":"2024-04-02T16:15:41+08:00"}
{"duration":"71.959µs","level":"info","method":"POST","msg":"Handled request","path":"/update/gauge/TotalAlloc/316192","size":23,"status":400,"time":"2024-04-02T16:15:41+08:00"}
{"duration":"60.708µs","level":"info","method":"POST","msg":"Handled request","path":"/update/gauge/MCacheSys/15600","size":23,"status":400,"time":"2024-04-02T16:15:41+08:00"}
{"duration":"101.958µs","level":"info","method":"POST","msg":"Handled request","path":"/update/","size":71,"status":200,"time":"2024-04-02T16:15:41+08:00"}
{"duration":"58.583µs","level":"info","method":"POST","msg":"Handled request","path":"/update/gauge/RandomValue/0.3748504847663706","size":23,"status":400,"time":"2024-04-02T16:15:41+08:00"}
{"duration":"113.125µs","level":"info","method":"POST","msg":"Handled request","path":"/update/","size":73,"status":200,"time":"2024-04-02T16:15:41+08:00"}
{"duration":"56.084µs","level":"info","method":"POST","msg":"Handled request","path":"/update/gauge/GCSys/1.794784e+06","size":23,"status":400,"time":"2024-04-02T16:15:41+08:00"}
{"duration":"101.208µs","level":"info","method":"POST","msg":"Handled request","path":"/update/","size":71,"status":200,"time":"2024-04-02T16:15:41+08:00"}
{"duration":"59.458µs","level":"info","method":"POST","msg":"Handled request","path":"/update/gauge/NumGC/0","size":23,"status":400,"time":"2024-04-02T16:15:41+08:00"}
{"duration":"95.959µs","level":"info","method":"POST","msg":"Handled request","path":"/update/gauge/StackInuse/360448","size":23,"status":400,"time":"2024-04-02T16:15:41+08:00"}
{"duration":"103.75µs","level":"info","method":"POST","msg":"Handled request","path":"/update/","size":81,"status":200,"time":"2024-04-02T16:15:41+08:00"}
{"duration":"218.208µs","level":"info","method":"POST","msg":"Handled request","path":"/update/","size":69,"status":200,"time":"2024-04-02T16:15:41+08:00"}
{"duration":"59.875µs","level":"info","method":"POST","msg":"Handled request","path":"/update/gauge/Lookups/0","size":23,"status":400,"time":"2024-04-02T16:15:41+08:00"}
{"duration":"86.5µs","level":"info","method":"POST","msg":"Handled request","path":"/update/","size":63,"status":200,"time":"2024-04-02T16:15:41+08:00"}
{"duration":"49.959µs","level":"info","method":"POST","msg":"Handled request","path":"/update/gauge/MSpanSys/32640","size":23,"status":400,"time":"2024-04-02T16:15:41+08:00"}
{"duration":"106.291µs","level":"info","method":"POST","msg":"Handled request","path":"/update/","size":71,"status":200,"time":"2024-04-02T16:15:41+08:00"}
{"duration":"50.084µs","level":"info","method":"POST","msg":"Handled request","path":"/update/gauge/OtherSys/659108","size":23,"status":400,"time":"2024-04-02T16:15:41+08:00"}
{"duration":"47.125µs","level":"info","method":"POST","msg":"Handled request","path":"/update/gauge/HeapAlloc/316192","size":23,"status":400,"time":"2024-04-02T16:15:41+08:00"}
{"duration":"87.583µs","level":"info","method":"POST","msg":"Handled request","path":"/update/","size":65,"status":200,"time":"2024-04-02T16:15:41+08:00"}
{"duration":"50.667µs","level":"info","method":"POST","msg":"Handled request","path":"/update/gauge/StackSys/360448","size":23,"status":400,"time":"2024-04-02T16:15:41+08:00"}
{"duration":"85.25µs","level":"info","method":"POST","msg":"Handled request","path":"/update/","size":70,"status":200,"time":"2024-04-02T16:15:41+08:00"}
{"duration":"131.709µs","level":"info","method":"POST","msg":"Handled request","path":"/update/","size":71,"status":200,"time":"2024-04-02T16:15:41+08:00"}
{"duration":"52.625µs","level":"info","method":"POST","msg":"Handled request","path":"/update/gauge/Frees/54","size":23,"status":400,"time":"2024-04-02T16:15:41+08:00"}
{"duration":"48.458µs","level":"info","method":"POST","msg":"Handled request","path":"/update/gauge/Alloc/316192","size":23,"status":400,"time":"2024-04-02T16:15:41+08:00"}
{"duration":"79.333µs","level":"info","method":"POST","msg":"Handled request","path":"/update/","size":72,"status":200,"time":"2024-04-02T16:15:41+08:00"}
{"duration":"75.375µs","level":"info","method":"POST","msg":"Handled request","path":"/update/gauge/NextGC/4.194304e+06","size":23,"status":400,"time":"2024-04-02T16:15:41+08:00"}
{"duration":"83.583µs","level":"info","method":"POST","msg":"Handled request","path":"/update/","size":71,"status":200,"time":"2024-04-02T16:15:41+08:00"}
{"duration":"42.083µs","level":"info","method":"POST","msg":"Handled request","path":"/update/gauge/HeapIdle/3.022848e+06","size":23,"status":400,"time":"2024-04-02T16:15:41+08:00"}
{"duration":"69.5µs","level":"info","method":"POST","msg":"Handled request","path":"/update/","size":64,"status":200,"time":"2024-04-02T16:15:41+08:00"}
{"duration":"118.209µs","level":"info","method":"POST","msg":"Handled request","path":"/update/gauge/HeapObjects/1097","size":23,"status":400,"time":"2024-04-02T16:15:41+08:00"}
{"duration":"115.667µs","level":"info","method":"POST","msg":"Handled request","path":"/update/","size":68,"status":200,"time":"2024-04-02T16:15:41+08:00"}
{"duration":"44.834µs","level":"info","method":"POST","msg":"Handled request","path":"/update/gauge/HeapReleased/2.99008e+06","size":23,"status":400,"time":"2024-04-02T16:15:41+08:00"}
{"duration":"91.709µs","level":"info","method":"POST","msg":"Handled request","path":"/update/","size":70,"status":200,"time":"2024-04-02T16:15:41+08:00"}
{"duration":"47.333µs","level":"info","method":"POST","msg":"Handled request","path":"/update/counter/PollCount/5","size":23,"status":400,"time":"2024-04-02T16:15:41+08:00"}
{"duration":"88.541µs","level":"info","method":"POST","msg":"Handled request","path":"/update/","size":70,"status":200,"time":"2024-04-02T16:15:41+08:00"}
{"duration":"40.917µs","level":"info","method":"POST","msg":"Handled request","path":"/update/gauge/GCCPUFraction/0","size":23,"status":400,"time":"2024-04-02T16:15:41+08:00"}
{"duration":"73.458µs","level":"info","method":"POST","msg":"Handled request","path":"/update/","size":72,"status":200,"time":"2024-04-02T16:15:41+08:00"}
{"duration":"42.667µs","level":"info","method":"POST","msg":"Handled request","path":"/update/gauge/MSpanInuse/24000","size":23,"status":400,"time":"2024-04-02T16:15:41+08:00"}
{"duration":"76µs","level":"info","method":"POST","msg":"Handled request","path":"/update/","size":76,"status":200,"time":"2024-04-02T16:15:41+08:00"}
{"duration":"94.458µs","level":"info","method":"POST","msg":"Handled request","path":"/update/","size":67,"status":200,"time":"2024-04-02T16:15:41+08:00"}
{"duration":"80.25µs","level":"info","method":"POST","msg":"Handled request","path":"/update/","size":71,"status":200,"time":"2024-04-02T16:15:41+08:00"}
{"duration":"69.333µs","level":"info","method":"POST","msg":"Handled request","path":"/update/","size":70,"status":200,"time":"2024-04-02T16:15:41+08:00"}
{"duration":"107.75µs","level":"info","method":"POST","msg":"Handled request","path":"/update/gauge/NumGC/23","size":23,"status":400,"time":"2024-04-02T16:15:51+08:00"}
{"duration":"252.375µs","level":"info","method":"POST","msg":"Handled request","path":"/update/","size":64,"status":200,"time":"2024-04-02T16:15:51+08:00"}
{"duration":"80.667µs","level":"info","method":"POST","msg":"Handled request","path":"/update/gauge/LastGC/1.712045741982193e+18","size":23,"status":400,"time":"2024-04-02T16:15:51+08:00"}
{"duration":"216.042µs","level":"info","method":"POST","msg":"Handled request","path":"/update/","size":82,"status":200,"time":"2024-04-02T16:15:51+08:00"}
{"duration":"888.708µs","level":"info","method":"POST","msg":"Handled request","path":"/update/gauge/NumForcedGC/0","size":23,"status":400,"time":"2024-04-02T16:15:51+08:00"}
{"duration":"70.292µs","level":"info","method":"POST","msg":"Handled request","path":"/update/gauge/MSpanInuse/143360","size":23,"status":400,"time":"2024-04-02T16:15:51+08:00"}
{"duration":"223.792µs","level":"info","method":"POST","msg":"Handled request","path":"/update/","size":69,"status":200,"time":"2024-04-02T16:15:51+08:00"}
{"duration":"132.666µs","level":"info","method":"POST","msg":"Handled request","path":"/update/gauge/OtherSys/2.304004e+06","size":23,"status":400,"time":"2024-04-02T16:15:51+08:00"}
{"duration":"118.75µs","level":"info","method":"POST","msg":"Handled request","path":"/update/","size":71,"status":200,"time":"2024-04-02T16:15:51+08:00"}
{"duration":"67.875µs","level":"info","method":"POST","msg":"Handled request","path":"/update/gauge/BuckHashSys/7708","size":23,"status":400,"time":"2024-04-02T16:15:51+08:00"}
{"duration":"110.375µs","level":"info","method":"POST","msg":"Handled request","path":"/update/","size":72,"status":200,"time":"2024-04-02T16:15:51+08:00"}
{"duration":"59µs","level":"info","method":"POST","msg":"Handled request","path":"/update/gauge/Alloc/2.477816e+06","size":23,"status":400,"time":"2024-04-02T16:15:51+08:00"}
{"duration":"107.875µs","level":"info","method":"POST","msg":"Handled request","path":"/update/","size":72,"status":200,"time":"2024-04-02T16:15:51+08:00"}
{"duration":"60.291µs","level":"info","method":"POST","msg":"Handled request","path":"/update/gauge/StackSys/688128","size":23,"status":400,"time":"2024-04-02T16:15:51+08:00"}
{"duration":"285.375µs","level":"info","method":"POST","msg":"Handled request","path":"/update/","size":69,"status":200,"time":"2024-04-02T16:15:51+08:00"}
{"duration":"82.417µs","level":"info","method":"POST","msg":"Handled request","path":"/update/gauge/MCacheSys/15600","size":23,"status":400,"time":"2024-04-02T16:15:51+08:00"}
{"duration":"139.167µs","level":"info","method":"POST","msg":"Handled request","path":"/update/","size":71,"status":200,"time":"2024-04-02T16:15:51+08:00"}
{"duration":"58.25µs","level":"info","method":"POST","msg":"Handled request","path":"/update/gauge/Sys/1.758312e+07","size":23,"status":400,"time":"2024-04-02T16:15:51+08:00"}
{"duration":"192.042µs","level":"info","method":"POST","msg":"Handled request","path":"/update/","size":71,"status":200,"time":"2024-04-02T16:15:51+08:00"}
{"duration":"59.542µs","level":"info","method":"POST","msg":"Handled request","path":"/update/gauge/NextGC/4.194304e+06","size":23,"status":400,"time":"2024-04-02T16:15:51+08:00"}
{"duration":"95.167µs","level":"info","method":"POST","msg":"Handled request","path":"/update/","size":68,"status":200,"time":"2024-04-02T16:15:51+08:00"}
{"duration":"49.334µs","level":"info","method":"POST","msg":"Handled request","path":"/update/gauge/GCSys/2.542464e+06","size":23,"status":400,"time":"2024-04-02T16:15:51+08:00"}
{"duration":"116.959µs","level":"info","method":"POST","msg":"Handled request","path":"/update/","size":70,"status":200,"time":"2024-04-02T16:15:51+08:00"}
{"duration":"199.459µs","level":"info","method":"POST","msg":"Handled request","path":"/update/","size":69,"status":200,"time":"2024-04-02T16:15:51+08:00"}
{"duration":"108.542µs","level":"info","method":"POST","msg":"Handled request","path":"/update/gauge/HeapReleased/6.529024e+06","size":23,"status":400,"time":"2024-04-02T16:15:51+08:00"}
{"duration":"143.792µs","level":"info","method":"POST","msg":"Handled request","path":"/update/","size":76,"status":200,"time":"2024-04-02T16:15:51+08:00"}
{"duration":"70.125µs","level":"info","method":"POST","msg":"Handled request","path":"/update/gauge/TotalAlloc/5.429192e+07","size":23,"status":400,"time":"2024-04-02T16:15:51+08:00"}
{"duration":"130.458µs","level":"info","method":"POST","msg":"Handled request","path":"/update/","size":75,"status":200,"time":"2024-04-02T16:15:51+08:00"}
{"duration":"80.583µs","level":"info","method":"POST","msg":"Handled request","path":"/update/gauge/Mallocs/14175","size":23,"status":400,"time":"2024-04-02T16:15:51+08:00"}
{"duration":"51.625µs","level":"info","method":"POST","msg":"Handled request","path":"/update/gauge/HeapAlloc/2.477816e+06","size":23,"status":400,"time":"2024-04-02T16:15:51+08:00"}
{"duration":"90.5µs","level":"info","method":"POST","msg":"Handled request","path":"/update/","size":69,"status":200,"time":"2024-04-02T16:15:51+08:00"}
{"duration":"50.75µs","level":"info","method":"POST","msg":"Handled request","path":"/update/gauge/HeapObjects/1433","size":23,"status":400,"time":"2024-04-02T16:15:51+08:00"}
{"duration":"84.5µs","level":"info","method":"POST","msg":"Handled request","path":"/update/","size":73,"status":200,"time":"2024-04-02T16:15:51+08:00"}
{"duration":"53.959µs","level":"info","method":"POST","msg":"Handled request","path":"/update/gauge/HeapIdle/8.15104e+06","size":23,"status":400,"time":"2024-04-02T16:15:51+08:00"}
{"duration":"78.959µs","level":"info","method":"POST","msg":"Handled request","path":"/update/","size":72,"status":200,"time":"2024-04-02T16:15:51+08:00"}
{"duration":"51.959µs","level":"info","method":"POST","msg":"Handled request","path":"/update/gauge/HeapInuse/3.710976e+06","size":23,"status":400,"time":"2024-04-02T16:15:51+08:00"}
{"duration":"88.167µs","level":"info","method":"POST","msg":"Handled request","path":"/update/","size":70,"status":200,"time":"2024-04-02T16:15:51+08:00"}
{"duration":"49.542µs","level":"info","method":"POST","msg":"Handled request","path":"/update/counter/PollCount/10","size":23,"status":400,"time":"2024-04-02T16:15:51+08:00"}
{"duration":"83.583µs","level":"info","method":"POST","msg":"Handled request","path":"/update/","size":71,"status":200,"time":"2024-04-02T16:15:51+08:00"}
{"duration":"90.042µs","level":"info","method":"POST","msg":"Handled request","path":"/update/","size":68,"status":200,"time":"2024-04-02T16:15:51+08:00"}
{"duration":"49.875µs","level":"info","method":"POST","msg":"Handled request","path":"/update/gauge/PauseTotalNs/1.952667e+06","size":23,"status":400,"time":"2024-04-02T16:15:51+08:00"}
{"duration":"73µs","level":"info","method":"POST","msg":"Handled request","path":"/update/","size":76,"status":200,"time":"2024-04-02T16:15:51+08:00"}
{"duration":"50.5µs","level":"info","method":"POST","msg":"Handled request","path":"/update/gauge/MSpanSys/163200","size":23,"status":400,"time":"2024-04-02T16:15:51+08:00"}
{"duration":"228.416µs","level":"info","method":"POST","msg":"Handled request","path":"/update/","size":71,"status":200,"time":"2024-04-02T16:15:51+08:00"}
{"duration":"70.75µs","level":"info","method":"POST","msg":"Handled request","path":"/update/gauge/RandomValue/0.3946624254781343","size":23,"status":400,"time":"2024-04-02T16:15:51+08:00"}
{"duration":"89.083µs","level":"info","method":"POST","msg":"Handled request","path":"/update/gauge/Lookups/0","size":23,"status":400,"time":"2024-04-02T16:15:51+08:00"}
{"duration":"102.75µs","level":"info","method":"POST","msg":"Handled request","path":"/update/","size":81,"status":200,"time":"2024-04-02T16:15:51+08:00"}
{"duration":"41.667µs","level":"info","method":"POST","msg":"Handled request","path":"/update/gauge/StackInuse/688128","size":23,"status":400,"time":"2024-04-02T16:15:51+08:00"}
{"duration":"68.75µs","level":"info","method":"POST","msg":"Handled request","path":"/update/","size":65,"status":200,"time":"2024-04-02T16:15:51+08:00"}
{"duration":"76.125µs","level":"info","method":"POST","msg":"Handled request","path":"/update/","size":71,"status":200,"time":"2024-04-02T16:15:51+08:00"}
{"duration":"42.209µs","level":"info","method":"POST","msg":"Handled request","path":"/update/gauge/MCacheInuse/13200","size":23,"status":400,"time":"2024-04-02T16:15:51+08:00"}
{"duration":"42.416µs","level":"info","method":"POST","msg":"Handled request","path":"/update/gauge/HeapSys/1.1862016e+07","size":23,"status":400,"time":"2024-04-02T16:15:51+08:00"}
{"duration":"90.625µs","level":"info","method":"POST","msg":"Handled request","path":"/update/","size":71,"status":200,"time":"2024-04-02T16:15:51+08:00"}
{"duration":"54.084µs","level":"info","method":"POST","msg":"Handled request","path":"/update/gauge/GCCPUFraction/0.00030639863706408843","size":23,"status":400,"time":"2024-04-02T16:15:51+08:00"}
{"duration":"73.5µs","level":"info","method":"POST","msg":"Handled request","path":"/update/","size":72,"status":200,"time":"2024-04-02T16:15:51+08:00"}
{"duration":"82.792µs","level":"info","method":"POST","msg":"Handled request","path":"/update/gauge/Frees/12742","size":23,"status":400,"time":"2024-04-02T16:15:51+08:00"}
{"duration":"108.75µs","level":"info","method":"POST","msg":"Handled request","path":"/update/","size":92,"status":200,"time":"2024-04-02T16:15:51+08:00"}
{"duration":"70.666µs","level":"info","method":"POST","msg":"Handled request","path":"/update/","size":67,"status":200,"time":"2024-04-02T16:15:51+08:00"}
{"duration":"162.958µs","level":"info","method":"POST","msg":"Handled request","path":"/update/gauge/MCacheInuse/13200","size":23,"status":400,"time":"2024-04-02T16:16:01+08:00"}
{"duration":"69.666µs","level":"info","method":"POST","msg":"Handled request","path":"/update/gauge/PauseTotalNs/3.867418e+06","size":23,"status":400,"time":"2024-04-02T16:16:01+08:00"}
{"duration":"161.208µs","level":"info","method":"POST","msg":"Handled request","path":"/update/","size":71,"status":200,"time":"2024-04-02T16:16:01+08:00"}
{"duration":"71.584µs","level":"info","method":"POST","msg":"Handled request","path":"/update/gauge/HeapAlloc/1.455696e+06","size":23,"status":400,"time":"2024-04-02T16:16:01+08:00"}
{"duration":"130.666µs","level":"info","method":"POST","msg":"Handled request","path":"/update/","size":76,"status":200,"time":"2024-04-02T16:16:01+08:00"}
{"duration":"67.042µs","level":"info","method":"POST","msg":"Handled request","path":"/update/gauge/MSpanSys/163200","size":23,"status":400,"time":"2024-04-02T16:16:01+08:00"}
{"duration":"97.875µs","level":"info","method":"POST","msg":"Handled request","path":"/update/","size":73,"status":200,"time":"2024-04-02T16:16:01+08:00"}
{"duration":"54.458µs","level":"info","method":"POST","msg":"Handled request","path":"/update/gauge/Alloc/1.455696e+06","size":23,"status":400,"time":"2024-04-02T16:16:01+08:00"}
{"duration":"85.958µs","level":"info","method":"POST","msg":"Handled request","path":"/update/","size":71,"status":200,"time":"2024-04-02T16:16:01+08:00"}
{"duration":"52.625µs","level":"info","method":"POST","msg":"Handled request","path":"/update/gauge/MSpanInuse/124000","size":23,"status":400,"time":"2024-04-02T16:16:01+08:00"}
{"duration":"126.125µs","level":"info","method":"POST","msg":"Handled request","path":"/update/","size":69,"status":200,"time":"2024-04-02T16:16:01+08:00"}
{"duration":"55.75µs","level":"info","method":"POST","msg":"Handled request","path":"/update/gauge/HeapReleased/6.79936e+06","size":23,"status":400,"time":"2024-04-02T16:16:01+08:00"}
{"duration":"110.041µs","level":"info","method":"POST","msg":"Handled request","path":"/update/","size":71,"status":200,"time":"2024-04-02T16:16:01+08:00"}
{"duration":"55.083µs","level":"info","method":"POST","msg":"Handled request","path":"/update/gauge/TotalAlloc/1.07769224e+08","size":23,"status":400,"time":"2024-04-02T16:16:01+08:00"}
{"duration":"58.541µs","level":"info","method":"POST","msg":"Handled request","path":"/update/gauge/Sys/1.758312e+07","size":23,"status":400,"time":"2024-04-02T16:16:01+08:00"}
{"duration":"117.375µs","level":"info","method":"POST","msg":"Handled request","path":"/update/","size":76,"status":200,"time":"2024-04-02T16:16:01+08:00"}
{"duration":"51.458µs","level":"info","method":"POST","msg":"Handled request","path":"/update/gauge/MCacheSys/15600","size":23,"status":400,"time":"2024-04-02T16:16:01+08:00"}
{"duration":"353.875µs","level":"info","method":"POST","msg":"Handled request","path":"/update/","size":76,"status":200,"time":"2024-04-02T16:16:01+08:00"}
{"duration":"54.875µs","level":"info","method":"POST","msg":"Handled request","path":"/update/gauge/NumGC/49","size":23,"status":400,"time":"2024-04-02T16:16:01+08:00"}
{"duration":"94µs","level":"info","method":"POST","msg":"Handled request","path":"/update/","size":68,"status":200,"time":"2024-04-02T16:16:01+08:00"}
{"duration":"52.667µs","level":"info","method":"POST","msg":"Handled request","path":"/update/gauge/NextGC/4.194304e+06","size":23,"status":400,"time":"2024-04-02T16:16:01+08:00"}
{"duration":"55.375µs","level":"info","method":"POST","msg":"Handled request","path":"/update/gauge/HeapInuse/2.646016e+06","size":23,"status":400,"time":"2024-04-02T16:16:01+08:00"}
{"duration":"108.458µs","level":"info","method":"POST","msg":"Handled request","path":"/update/","size":71,"status":200,"time":"2024-04-02T16:16:01+08:00"}
{"duration":"48.167µs","level":"info","method":"POST","msg":"Handled request","path":"/update/gauge/BuckHashSys/7708","size":23,"status":400,"time":"2024-04-02T16:16:01+08:00"}
{"duration":"81.083µs","level":"info","method":"POST","msg":"Handled request","path":"/update/","size":64,"status":200,"time":"2024-04-02T16:16:01+08:00"}
{"duration":"45.959µs","level":"info","method":"POST","msg":"Handled request","path":"/update/gauge/RandomValue/0.005047278326531624","size":23,"status":400,"time":"2024-04-02T16:16:01+08:00"}
{"duration":"57.333µs","level":"info","method":"POST","msg":"Handled request","path":"/update/gauge/HeapSys/1.18784e+07","size":23,"status":400,"time":"2024-04-02T16:16:01+08:00"}
{"duration":"82.125µs","level":"info","method":"POST","msg":"Handled request","path":"/update/","size":70,"status":200,"time":"2024-04-02T16:16:01+08:00"}
{"duration":"44µs","level":"info","method":"POST","msg":"Handled request","path":"/update/gauge/HeapObjects/1228","size":23,"status":400,"time":"2024-04-02T16:16:01+08:00"}
{"duration":"632.375µs","level":"info","method":"POST","msg":"Handled request","path":"/update/","size":71,"status":200,"time":"2024-04-02T16:16:01+08:00"}
{"duration":"261.25µs","level":"info","method":"POST","msg":"Handled request","path":"/update/gauge/GCCPUFraction/0.0003031801697283906","size":23,"status":400,"time":"2024-04-02T16:16:01+08:00"}
{"duration":"291.542µs","level":"info","method":"POST","msg":"Handled request","path":"/update/","size":72,"status":200,"time":"2024-04-02T16:16:01+08:00"}
{"duration":"52.042µs","level":"info","method":"POST","msg":"Handled request","path":"/update/gauge/OtherSys/2.301956e+06","size":23,"status":400,"time":"2024-04-02T16:16:01+08:00"}
{"duration":"49.917µs","level":"info","method":"POST","msg":"Handled request","path":"/update/gauge/NumForcedGC/0","size":23,"status":400,"time":"2024-04-02T16:16:01+08:00"}
{"duration":"82.625µs","level":"info","method":"POST","msg":"Handled request","path":"/update/","size":83,"status":200,"time":"2024-04-02T16:16:01+08:00"}
{"duration":"81.583µs","level":"info","method":"POST","msg":"Handled request","path":"/update/","size":72,"status":200,"time":"2024-04-02T16:16:01+08:00"}
{"duration":"53.958µs","level":"info","method":"POST","msg":"Handled request","path":"/update/gauge/Lookups/0","size":23,"status":400,"time":"2024-04-02T16:16:01+08:00"}
{"duration":"76.083µs","level":"info","method":"POST","msg":"Handled request","path":"/update/","size":72,"status":200,"time":"2024-04-02T16:16:01+08:00"}
{"duration":"45.583µs","level":"info","method":"POST","msg":"Handled request","path":"/update/gauge/GCSys/2.528128e+06","size":23,"status":400,"time":"2024-04-02T16:16:01+08:00"}
{"duration":"80µs","level":"info","method":"POST","msg":"Handled request","path":"/update/","size":91,"status":200,"time":"2024-04-02T16:16:01+08:00"}
{"duration":"47.583µs","level":"info","method":"POST","msg":"Handled request","path":"/update/gauge/StackInuse/688128","size":23,"status":400,"time":"2024-04-02T16:16:01+08:00"}
{"duration":"83.833µs","level":"info","method":"POST","msg":"Handled request","path":"/update/","size":72,"status":200,"time":"2024-04-02T16:16:01+08:00"}
{"duration":"49µs","level":"info","method":"POST","msg":"Handled request","path":"/update/gauge/Mallocs/26678","size":23,"status":400,"time":"2024-04-02T16:16:01+08:00"}
{"duration":"45.333µs","level":"info","method":"POST","msg":"Handled request","path":"/update/counter/PollCount/15","size":23,"status":400,"time":"2024-04-02T16:16:01+08:00"}
{"duration":"77.917µs","level":"info","method":"POST","msg":"Handled request","path":"/update/","size":69,"status":200,"time":"2024-04-02T16:16:01+08:00"}
{"duration":"55.375µs","level":"info","method":"POST","msg":"Handled request","path":"/update/gauge/StackSys/688128","size":23,"status":400,"time":"2024-04-02T16:16:01+08:00"}
{"duration":"49.417µs","level":"info","method":"POST","msg":"Handled request","path":"/update/gauge/Frees/25450","size":23,"status":400,"time":"2024-04-02T16:16:01+08:00"}
{"duration":"73.167µs","level":"info","method":"POST","msg":"Handled request","path":"/update/","size":65,"status":200,"time":"2024-04-02T16:16:01+08:00"}
{"duration":"70.208µs","level":"info","method":"POST","msg":"Handled request","path":"/update/","size":69,"status":200,"time":"2024-04-02T16:16:01+08:00"}
{"duration":"39.666µs","level":"info","method":"POST","msg":"Handled request","path":"/update/gauge/HeapIdle/9.232384e+06","size":23,"status":400,"time":"2024-04-02T16:16:01+08:00"}
{"duration":"78.833µs","level":"info","method":"POST","msg":"Handled request","path":"/update/","size":71,"status":200,"time":"2024-04-02T16:16:01+08:00"}
{"duration":"38.375µs","level":"info","method":"POST","msg":"Handled request","path":"/update/gauge/LastGC/1.712045751974896e+18","size":23,"status":400,"time":"2024-04-02T16:16:01+08:00"}
{"duration":"69.125µs","level":"info","method":"POST","msg":"Handled request","path":"/update/","size":69,"status":200,"time":"2024-04-02T16:16:01+08:00"}
{"duration":"76.208µs","level":"info","method":"POST","msg":"Handled request","path":"/update/","size":68,"status":200,"time":"2024-04-02T16:16:01+08:00"}
{"duration":"64.333µs","level":"info","method":"POST","msg":"Handled request","path":"/update/","size":71,"status":200,"time":"2024-04-02T16:16:01+08:00"}
{"duration":"70.083µs","level":"info","method":"POST","msg":"Handled request","path":"/update/","size":67,"status":200,"time":"2024-04-02T16:16:01+08:00"}
{"duration":"70.583µs","level":"info","method":"POST","msg":"Handled request","path":"/update/","size":70,"status":200,"time":"2024-04-02T16:16:01+08:00"}
{"duration":"80.875µs","level":"info","method":"POST","msg":"Handled request","path":"/update/","size":82,"status":200,"time":"2024-04-02T16:16:01+08:00"}
{"duration":"162.75µs","level":"info","method":"POST","msg":"Handled request","path":"/update/gauge/HeapInuse/3.694592e+06","size":23,"status":400,"time":"2024-04-02T16:16:11+08:00"}
{"duration":"137.125µs","level":"info","method":"POST","msg":"Handled request","path":"/update/gauge/HeapIdle/8.167424e+06","size":23,"status":400,"time":"2024-04-02T16:16:11+08:00"}
{"duration":"324.125µs","level":"info","method":"POST","msg":"Handled request","path":"/update/","size":71,"status":200,"time":"2024-04-02T16:16:11+08:00"}
{"duration":"141.625µs","level":"info","method":"POST","msg":"Handled request","path":"/update/gauge/MSpanSys/163200","size":23,"status":400,"time":"2024-04-02T16:16:11+08:00"}
{"duration":"235.459µs","level":"info","method":"POST","msg":"Handled request","path":"/update/","size":70,"status":200,"time":"2024-04-02T16:16:11+08:00"}
{"duration":"118.042µs","level":"info","method":"POST","msg":"Handled request","path":"/update/gauge/MCacheInuse/13200","size":23,"status":400,"time":"2024-04-02T16:16:11+08:00"}
{"duration":"304.625µs","level":"info","method":"POST","msg":"Handled request","path":"/update/","size":71,"status":200,"time":"2024-04-02T16:16:11+08:00"}
{"duration":"106.917µs","level":"info","method":"POST","msg":"Handled request","path":"/update/gauge/Alloc/2.451192e+06","size":23,"status":400,"time":"2024-04-02T16:16:11+08:00"}
{"duration":"231.25µs","level":"info","method":"POST","msg":"Handled request","path":"/update/","size":71,"status":200,"time":"2024-04-02T16:16:11+08:00"}
{"duration":"121.958µs","level":"info","method":"POST","msg":"Handled request","path":"/update/gauge/StackSys/688128","size":23,"status":400,"time":"2024-04-02T16:16:11+08:00"}
{"duration":"215.541µs","level":"info","method":"POST","msg":"Handled request","path":"/update/","size":69,"status":200,"time":"2024-04-02T16:16:11+08:00"}
{"duration":"119.417µs","level":"info","method":"POST","msg":"Handled request","path":"/update/gauge/OtherSys/2.301956e+06","size":23,"status":400,"time":"2024-04-02T16:16:11+08:00"}
{"duration":"235.833µs","level":"info","method":"POST","msg":"Handled request","path":"/update/","size":71,"status":200,"time":"2024-04-02T16:16:11+08:00"}
{"duration":"140.167µs","level":"info","method":"POST","msg":"Handled request","path":"/update/gauge/Mallocs/39162","size":23,"status":400,"time":"2024-04-02T16:16:11+08:00"}
{"duration":"233.333µs","level":"info","method":"POST","msg":"Handled request","path":"/update/","size":72,"status":200,"time":"2024-04-02T16:16:11+08:00"}
{"duration":"110.916µs","level":"info","method":"POST","msg":"Handled request","path":"/update/gauge/Lookups/0","size":23,"status":400,"time":"2024-04-02T16:16:11+08:00"}
{"duration":"195.625µs","level":"info","method":"POST","msg":"Handled request","path":"/update/","size":69,"status":200,"time":"2024-04-02T16:16:11+08:00"}
{"duration":"110.25µs","level":"info","method":"POST","msg":"Handled request","path":"/update/gauge/RandomValue/0.35979910155215533","size":23,"status":400,"time":"2024-04-02T16:16:11+08:00"}
{"duration":"204.042µs","level":"info","method":"POST","msg":"Handled request","path":"/update/","size":65,"status":200,"time":"2024-04-02T16:16:11+08:00"}
{"duration":"107.083µs","level":"info","method":"POST","msg":"Handled request","path":"/update/gauge/StackInuse/688128","size":23,"status":400,"time":"2024-04-02T16:16:11+08:00"}
{"duration":"233µs","level":"info","method":"POST","msg":"Handled request","path":"/update/","size":82,"status":200,"time":"2024-04-02T16:16:11+08:00"}
{"duration":"107.208µs","level":"info","method":"POST","msg":"Handled request","path":"/update/gauge/GCCPUFraction/0.00029413374495343214","size":23,"status":400,"time":"2024-04-02T16:16:11+08:00"}
{"duration":"215.416µs","level":"info","method":"POST","msg":"Handled request","path":"/update/","size":71,"status":200,"time":"2024-04-02T16:16:11+08:00"}
{"duration":"85.667µs","level":"info","method":"POST","msg":"Handled request","path":"/update/gauge/BuckHashSys/7708","size":23,"status":400,"time":"2024-04-02T16:16:11+08:00"}
{"duration":"176.791µs","level":"info","method":"POST","msg":"Handled request","path":"/update/","size":92,"status":200,"time":"2024-04-02T16:16:11+08:00"}
{"duration":"71.125µs","level":"info","method":"POST","msg":"Handled request","path":"/update/gauge/HeapSys/1.1862016e+07","size":23,"status":400,"time":"2024-04-02T16:16:11+08:00"}
{"duration":"68.25µs","level":"info","method":"POST","msg":"Handled request","path":"/update/gauge/MCacheSys/15600","size":23,"status":400,"time":"2024-04-02T16:16:11+08:00"}
{"duration":"170.375µs","level":"info","method":"POST","msg":"Handled request","path":"/update/","size":72,"status":200,"time":"2024-04-02T16:16:11+08:00"}
{"duration":"70.583µs","level":"info","method":"POST","msg":"Handled request","path":"/update/gauge/NumGC/74","size":23,"status":400,"time":"2024-04-02T16:16:11+08:00"}
{"duration":"131.375µs","level":"info","method":"POST","msg":"Handled request","path":"/update/","size":72,"status":200,"time":"2024-04-02T16:16:11+08:00"}
{"duration":"59.417µs","level":"info","method":"POST","msg":"Handled request","path":"/update/gauge/PauseTotalNs/5.677419e+06","size":23,"status":400,"time":"2024-04-02T16:16:11+08:00"}
{"duration":"134.292µs","level":"info","method":"POST","msg":"Handled request","path":"/update/","size":71,"status":200,"time":"2024-04-02T16:16:11+08:00"}
{"duration":"76.458µs","level":"info","method":"POST","msg":"Handled request","path":"/update/gauge/HeapObjects/1461","size":23,"status":400,"time":"2024-04-02T16:16:11+08:00"}
{"duration":"147.458µs","level":"info","method":"POST","msg":"Handled request","path":"/update/","size":64,"status":200,"time":"2024-04-02T16:16:11+08:00"}
{"duration":"115.875µs","level":"info","method":"POST","msg":"Handled request","path":"/update/","size":76,"status":200,"time":"2024-04-02T16:16:11+08:00"}
{"duration":"63.875µs","level":"info","method":"POST","msg":"Handled request","path":"/update/gauge/Sys/1.758312e+07","size":23,"status":400,"time":"2024-04-02T16:16:11+08:00"}
{"duration":"61.5µs","level":"info","method":"POST","msg":"Handled request","path":"/update/gauge/MSpanInuse/145600","size":23,"status":400,"time":"2024-04-02T16:16:11+08:00"}
{"duration":"103.333µs","level":"info","method":"POST","msg":"Handled request","path":"/update/","size":72,"status":200,"time":"2024-04-02T16:16:11+08:00"}
{"duration":"61.875µs","level":"info","method":"POST","msg":"Handled request","path":"/update/gauge/GCSys/2.544512e+06","size":23,"status":400,"time":"2024-04-02T16:16:11+08:00"}
{"duration":"120.916µs","level":"info","method":"POST","msg":"Handled request","path":"/update/gauge/LastGC/1.712045761975296e+18","size":23,"status":400,"time":"2024-04-02T16:16:11+08:00"}
{"duration":"645.959µs","level":"info","method":"POST","msg":"Handled request","path":"/update/","size":68,"status":200,"time":"2024-04-02T16:16:11+08:00"}
{"duration":"60.75µs","level":"info","method":"POST","msg":"Handled request","path":"/update/counter/PollCount/20","size":23,"status":400,"time":"2024-04-02T16:16:11+08:00"}
{"duration":"126.042µs","level":"info","method":"POST","msg":"Handled request","path":"/update/","size":71,"status":200,"time":"2024-04-02T16:16:11+08:00"}
{"duration":"110.417µs","level":"info","method":"POST","msg":"Handled request","path":"/update/gauge/NumForcedGC/0","size":23,"status":400,"time":"2024-04-02T16:16:11+08:00"}
{"duration":"91.333µs","level":"info","method":"POST","msg":"Handled request","path":"/update/","size":69,"status":200,"time":"2024-04-02T16:16:11+08:00"}
{"duration":"52.25µs","level":"info","method":"POST","msg":"Handled request","path":"/update/gauge/HeapReleased/6.848512e+06","size":23,"status":400,"time":"2024-04-02T16:16:11+08:00"}
{"duration":"108.209µs","level":"info","method":"POST","msg":"Handled request","path":"/update/","size":82,"status":200,"time":"2024-04-02T16:16:11+08:00"}
{"duration":"54.083µs","level":"info","method":"POST","msg":"Handled request","path":"/update/gauge/HeapAlloc/2.451192e+06","size":23,"status":400,"time":"2024-04-02T16:16:11+08:00"}
{"duration":"225.125µs","level":"info","method":"POST","msg":"Handled request","path":"/update/","size":68,"status":200,"time":"2024-04-02T16:16:11+08:00"}
{"duration":"53.208µs","level":"info","method":"POST","msg":"Handled request","path":"/update/gauge/Frees/37701","size":23,"status":400,"time":"2024-04-02T16:16:11+08:00"}
{"duration":"91µs","level":"info","method":"POST","msg":"Handled request","path":"/update/","size":69,"status":200,"time":"2024-04-02T16:16:11+08:00"}
{"duration":"57µs","level":"info","method":"POST","msg":"Handled request","path":"/update/gauge/TotalAlloc/1.61410296e+08","size":23,"status":400,"time":"2024-04-02T16:16:11+08:00"}
{"duration":"80.375µs","level":"info","method":"POST","msg":"Handled request","path":"/update/","size":76,"status":200,"time":"2024-04-02T16:16:11+08:00"}
{"duration":"50.333µs","level":"info","method":"POST","msg":"Handled request","path":"/update/gauge/NextGC/4.194304e+06","size":23,"status":400,"time":"2024-04-02T16:16:11+08:00"}
{"duration":"103.791µs","level":"info","method":"POST","msg":"Handled request","path":"/update/","size":73,"status":200,"time":"2024-04-02T16:16:11+08:00"}
{"duration":"87.625µs","level":"info","method":"POST","msg":"Handled request","path":"/update/","size":67,"status":200,"time":"2024-04-02T16:16:11+08:00"}
{"duration":"96.125µs","level":"info","method":"POST","msg":"Handled request","path":"/update/","size":76,"status":200,"time":"2024-04-02T16:16:11+08:00"}
{"duration":"80.334µs","level":"info","method":"POST","msg":"Handled request","path":"/update/","size":70,"status":200,"time":"2024-04-02T16:16:11+08:00"}
{"duration":"1.904ms","level":"info","method":"POST","msg":"Handled request","path":"/update/gauge/Frees/54","size":23,"status":200,"time":"2024-04-02T16:28:01+08:00"}
{"duration":"82.917µs","level":"info","method":"POST","msg":"Handled request","path":"/update/gauge/Alloc/311248","size":23,"status":200,"time":"2024-04-02T16:28:01+08:00"}
{"duration":"507.416µs","level":"info","method":"POST","msg":"Handled request","path":"/update/","size":64,"status":200,"time":"2024-04-02T16:28:01+08:00"}
{"duration":"207µs","level":"info","method":"POST","msg":"Handled request","path":"/update/gauge/HeapReleased/3.014656e+06","size":23,"status":200,"time":"2024-04-02T16:28:01+08:00"}
{"duration":"131.083µs","level":"info","method":"POST","msg":"Handled request","path":"/update/","size":68,"status":200,"time":"2024-04-02T16:28:01+08:00"}
{"duration":"77.708µs","level":"info","method":"POST","msg":"Handled request","path":"/update/gauge/Sys/6.704144e+06","size":23,"status":200,"time":"2024-04-02T16:28:01+08:00"}
{"duration":"70.375µs","level":"info","method":"POST","msg":"Handled request","path":"/update/gauge/HeapIdle/3.047424e+06","size":23,"status":200,"time":"2024-04-02T16:28:01+08:00"}
{"duration":"407.333µs","level":"info","method":"POST","msg":"Handled request","path":"/update/","size":76,"status":200,"time":"2024-04-02T16:28:01+08:00"}
{"duration":"74.667µs","level":"info","method":"POST","msg":"Handled request","path":"/update/gauge/MCacheInuse/13200","size":23,"status":200,"time":"2024-04-02T16:28:01+08:00"}
{"duration":"133.959µs","level":"info","method":"POST","msg":"Handled request","path":"/update/","size":67,"status":200,"time":"2024-04-02T16:28:01+08:00"}
{"duration":"179.583µs","level":"info","method":"POST","msg":"Handled request","path":"/update/gauge/MSpanSys/32640","size":23,"status":200,"time":"2024-04-02T16:28:01+08:00"}
{"duration":"128.5µs","level":"info","method":"POST","msg":"Handled request","path":"/update/","size":70,"status":200,"time":"2024-04-02T16:28:01+08:00"}
{"duration":"65.25µs","level":"info","method":"POST","msg":"Handled request","path":"/update/gauge/OtherSys/671444","size":23,"status":200,"time":"2024-04-02T16:28:01+08:00"}
{"duration":"113.5µs","level":"info","method":"POST","msg":"Handled request","path":"/update/","size":71,"status":200,"time":"2024-04-02T16:28:01+08:00"}
{"duration":"58.209µs","level":"info","method":"POST","msg":"Handled request","path":"/update/gauge/PauseTotalNs/0","size":23,"status":200,"time":"2024-04-02T16:28:01+08:00"}
{"duration":"239.5µs","level":"info","method":"POST","msg":"Handled request","path":"/update/","size":70,"status":200,"time":"2024-04-02T16:28:01+08:00"}
{"duration":"59.25µs","level":"info","method":"POST","msg":"Handled request","path":"/update/gauge/NumForcedGC/0","size":23,"status":200,"time":"2024-04-02T16:28:01+08:00"}
{"duration":"97.667µs","level":"info","method":"POST","msg":"Handled request","path":"/update/","size":71,"status":200,"time":"2024-04-02T16:28:01+08:00"}
{"duration":"68.667µs","level":"info","method":"POST","msg":"Handled request","path":"/update/gauge/BuckHashSys/7708","size":23,"status":200,"time":"2024-04-02T16:28:01+08:00"}
{"duration":"114.542µs","level":"info","method":"POST","msg":"Handled request","path":"/update/","size":70,"status":200,"time":"2024-04-02T16:28:01+08:00"}
{"duration":"59.167µs","level":"info","method":"POST","msg":"Handled request","path":"/update/gauge/LastGC/0","size":23,"status":200,"time":"2024-04-02T16:28:01+08:00"}
{"duration":"103.792µs","level":"info","method":"POST","msg":"Handled request","path":"/update/","size":69,"status":200,"time":"2024-04-02T16:28:01+08:00"}
{"duration":"54.875µs","level":"info","method":"POST","msg":"Handled request","path":"/update/gauge/Lookups/0","size":23,"status":200,"time":"2024-04-02T16:28:01+08:00"}
{"duration":"95.333µs","level":"info","method":"POST","msg":"Handled request","path":"/update/gauge/MSpanInuse/24000","size":23,"status":200,"time":"2024-04-02T16:28:01+08:00"}
{"duration":"216.916µs","level":"info","method":"POST","msg":"Handled request","path":"/update/","size":72,"status":200,"time":"2024-04-02T16:28:01+08:00"}
{"duration":"75.541µs","level":"info","method":"POST","msg":"Handled request","path":"/update/gauge/Mallocs/1142","size":23,"status":200,"time":"2024-04-02T16:28:01+08:00"}
{"duration":"93.333µs","level":"info","method":"POST","msg":"Handled request","path":"/update/","size":64,"status":200,"time":"2024-04-02T16:28:01+08:00"}
{"duration":"56.875µs","level":"info","method":"POST","msg":"Handled request","path":"/update/gauge/HeapAlloc/311248","size":23,"status":200,"time":"2024-04-02T16:28:01+08:00"}
{"duration":"93.084µs","level":"info","method":"POST","msg":"Handled request","path":"/update/","size":65,"status":200,"time":"2024-04-02T16:28:01+08:00"}
{"duration":"51.75µs","level":"info","method":"POST","msg":"Handled request","path":"/update/gauge/TotalAlloc/311248","size":23,"status":200,"time":"2024-04-02T16:28:01+08:00"}
{"duration":"84.667µs","level":"info","method":"POST","msg":"Handled request","path":"/update/","size":70,"status":200,"time":"2024-04-02T16:28:01+08:00"}
{"duration":"66.041µs","level":"info","method":"POST","msg":"Handled request","path":"/update/gauge/RandomValue/0.020761765096496604","size":23,"status":200,"time":"2024-04-02T16:28:01+08:00"}
{"duration":"100.167µs","level":"info","method":"POST","msg":"Handled request","path":"/update/","size":68,"status":200,"time":"2024-04-02T16:28:01+08:00"}
{"duration":"46.708µs","level":"info","method":"POST","msg":"Handled request","path":"/update/gauge/HeapSys/3.866624e+06","size":23,"status":200,"time":"2024-04-02T16:28:01+08:00"}
{"duration":"91.834µs","level":"info","method":"POST","msg":"Handled request","path":"/update/","size":72,"status":200,"time":"2024-04-02T16:28:01+08:00"}
{"duration":"48.084µs","level":"info","method":"POST","msg":"Handled request","path":"/update/gauge/StackSys/327680","size":23,"status":200,"time":"2024-04-02T16:28:01+08:00"}
{"duration":"47.791µs","level":"info","method":"POST","msg":"Handled request","path":"/update/counter/PollCount/5","size":23,"status":200,"time":"2024-04-02T16:28:01+08:00"}
{"duration":"46.875µs","level":"info","method":"POST","msg":"Handled request","path":"/update/gauge/NextGC/4.194304e+06","size":23,"status":200,"time":"2024-04-02T16:28:01+08:00"}
{"duration":"236.833µs","level":"info","method":"POST","msg":"Handled request","path":"/update/","size":73,"status":200,"time":"2024-04-02T16:28:01+08:00"}
{"duration":"47.417µs","level":"info","method":"POST","msg":"Handled request","path":"/update/gauge/GCSys/1.782448e+06","size":23,"status":200,"time":"2024-04-02T16:28:01+08:00"}
{"duration":"94.916µs","level":"info","method":"POST","msg":"Handled request","path":"/update/","size":83,"status":200,"time":"2024-04-02T16:28:01+08:00"}
{"duration":"46.667µs","level":"info","method":"POST","msg":"Handled request","path":"/update/gauge/GCCPUFraction/0","size":23,"status":200,"time":"2024-04-02T16:28:01+08:00"}
{"duration":"88.208µs","level":"info","method":"POST","msg":"Handled request","path":"/update/","size":71,"status":200,"time":"2024-04-02T16:28:01+08:00"}
{"duration":"47.042µs","level":"info","method":"POST","msg":"Handled request","path":"/update/gauge/StackInuse/327680","size":23,"status":200,"time":"2024-04-02T16:28:01+08:00"}
{"duration":"48.875µs","level":"info","method":"POST","msg":"Handled request","path":"/update/gauge/MCacheSys/15600","size":23,"status":200,"time":"2024-04-02T16:28:01+08:00"}
{"duration":"199.083µs","level":"info","method":"POST","msg":"Handled request","path":"/update/","size":71,"status":200,"time":"2024-04-02T16:28:01+08:00"}
{"duration":"48.208µs","level":"info","method":"POST","msg":"Handled request","path":"/update/gauge/HeapInuse/819200","size":23,"status":200,"time":"2024-04-02T16:28:01+08:00"}
{"duration":"92.583µs","level":"info","method":"POST","msg":"Handled request","path":"/update/","size":68,"status":200,"time":"2024-04-02T16:28:01+08:00"}
{"duration":"43.625µs","level":"info","method":"POST","msg":"Handled request","path":"/update/gauge/HeapObjects/1088","size":23,"status":200,"time":"2024-04-02T16:28:01+08:00"}
{"duration":"43µs","level":"info","method":"POST","msg":"Handled request","path":"/update/gauge/NumGC/0","size":23,"status":200,"time":"2024-04-02T16:28:01+08:00"}
{"duration":"79.875µs","level":"info","method":"POST","msg":"Handled request","path":"/update/","size":70,"status":200,"time":"2024-04-02T16:28:01+08:00"}
{"duration":"87.542µs","level":"info","method":"POST","msg":"Handled request","path":"/update/","size":69,"status":200,"time":"2024-04-02T16:28:01+08:00"}
{"duration":"73.541µs","level":"info","method":"POST","msg":"Handled request","path":"/update/","size":71,"status":200,"time":"2024-04-02T16:28:01+08:00"}
{"duration":"81.541µs","level":"info","method":"POST","msg":"Handled request","path":"/update/","size":71,"status":200,"time":"2024-04-02T16:28:01+08:00"}
{"duration":"72µs","level":"info","method":"POST","msg":"Handled request","path":"/update/","size":71,"status":200,"time":"2024-04-02T16:28:01+08:00"}
{"duration":"74.5µs","level":"info","method":"POST","msg":"Handled request","path":"/update/","size":70,"status":200,"time":"2024-04-02T16:28:01+08:00"}
{"duration":"74.792µs","level":"info","method":"POST","msg":"Handled request","path":"/update/","size":72,"status":200,"time":"2024-04-02T16:28:01+08:00"}
{"duration":"70.584µs","level":"info","method":"POST","msg":"Handled request","path":"/update/","size":63,"status":200,"time":"2024-04-02T16:28:01+08:00"}
{"duration":"53.917µs","level":"info","method":"POST","msg":"Handled request","path":"/update/gauge/HeapObjects/1361","size":23,"status":200,"time":"2024-04-02T16:28:11+08:00"}
{"duration":"41.166µs","level":"info","method":"POST","msg":"Handled request","path":"/update/gauge/GCSys/2.517792e+06","size":23,"status":200,"time":"2024-04-02T16:28:11+08:00"}
{"duration":"147.667µs","level":"info","method":"POST","msg":"Handled request","path":"/update/","size":72,"status":200,"time":"2024-04-02T16:28:11+08:00"}
{"duration":"28.709µs","level":"info","method":"POST","msg":"Handled request","path":"/update/gauge/TotalAlloc/5.358792e+07","size":23,"status":200,"time":"2024-04-02T16:28:11+08:00"}
{"duration":"65.417µs","level":"info","method":"POST","msg":"Handled request","path":"/update/","size":69,"status":200,"time":"2024-04-02T16:28:11+08:00"}
{"duration":"28.084µs","level":"info","method":"POST","msg":"Handled request","path":"/update/gauge/PauseTotalNs/1.468251e+06","size":23,"status":200,"time":"2024-04-02T16:28:11+08:00"}
{"duration":"52.875µs","level":"info","method":"POST","msg":"Handled request","path":"/update/","size":75,"status":200,"time":"2024-04-02T16:28:11+08:00"}
{"duration":"38.375µs","level":"info","method":"POST","msg":"Handled request","path":"/update/gauge/HeapSys/1.1927552e+07","size":23,"status":200,"time":"2024-04-02T16:28:11+08:00"}
{"duration":"114.583µs","level":"info","method":"POST","msg":"Handled request","path":"/update/","size":76,"status":200,"time":"2024-04-02T16:28:11+08:00"}
{"duration":"72µs","level":"info","method":"POST","msg":"Handled request","path":"/update/gauge/Mallocs/12488","size":23,"status":200,"time":"2024-04-02T16:28:11+08:00"}
{"duration":"113.416µs","level":"info","method":"POST","msg":"Handled request","path":"/update/","size":72,"status":200,"time":"2024-04-02T16:28:11+08:00"}
{"duration":"29.042µs","level":"info","method":"POST","msg":"Handled request","path":"/update/gauge/NumForcedGC/0","size":23,"status":200,"time":"2024-04-02T16:28:11+08:00"}
{"duration":"49.167µs","level":"info","method":"POST","msg":"Handled request","path":"/update/","size":69,"status":200,"time":"2024-04-02T16:28:11+08:00"}
{"duration":"29.292µs","level":"info","method":"POST","msg":"Handled request","path":"/update/gauge/Sys/1.7058832e+07","size":23,"status":200,"time":"2024-04-02T16:28:11+08:00"}
{"duration":"63.708µs","level":"info","method":"POST","msg":"Handled request","path":"/update/","size":69,"status":200,"time":"2024-04-02T16:28:11+08:00"}
{"duration":"29.791µs","level":"info","method":"POST","msg":"Handled request","path":"/update/gauge/NumGC/23","size":23,"status":200,"time":"2024-04-02T16:28:11+08:00"}
{"duration":"329.75µs","level":"info","method":"POST","msg":"Handled request","path":"/update/","size":68,"status":200,"time":"2024-04-02T16:28:11+08:00"}
{"duration":"57.958µs","level":"info","method":"POST","msg":"Handled request","path":"/update/","size":64,"status":200,"time":"2024-04-02T16:28:11+08:00"}
{"duration":"325.042µs","level":"info","method":"POST","msg":"Handled request","path":"/update/gauge/Frees/11127","size":23,"status":200,"time":"2024-04-02T16:28:11+08:00"}
{"duration":"68.875µs","level":"info","method":"POST","msg":"Handled request","path":"/update/","size":67,"status":200,"time":"2024-04-02T16:28:11+08:00"}
{"duration":"34.334µs","level":"info","method":"POST","msg":"Handled request","path":"/update/gauge/HeapIdle/8.51968e+06","size":23,"status":200,"time":"2024-04-02T16:28:11+08:00"}
{"duration":"26.75µs","level":"info","method":"POST","msg":"Handled request","path":"/update/gauge/HeapReleased/7.102464e+06","size":23,"status":200,"time":"2024-04-02T16:28:11+08:00"}
{"duration":"26.584µs","level":"info","method":"POST","msg":"Handled request","path":"/update/gauge/StackInuse/622592","size":23,"status":200,"time":"2024-04-02T16:28:11+08:00"}
{"duration":"121.417µs","level":"info","method":"POST","msg":"Handled request","path":"/update/","size":70,"status":200,"time":"2024-04-02T16:28:11+08:00"}
{"duration":"47.125µs","level":"info","method":"POST","msg":"Handled request","path":"/update/","size":76,"status":200,"time":"2024-04-02T16:28:11+08:00"}
{"duration":"94.708µs","level":"info","method":"POST","msg":"Handled request","path":"/update/gauge/BuckHashSys/7708","size":23,"status":200,"time":"2024-04-02T16:28:11+08:00"}
{"duration":"49.25µs","level":"info","method":"POST","msg":"Handled request","path":"/update/","size":71,"status":200,"time":"2024-04-02T16:28:11+08:00"}
{"duration":"29.875µs","level":"info","method":"POST","msg":"Handled request","path":"/update/gauge/RandomValue/0.13726679017793816","size":23,"status":200,"time":"2024-04-02T16:28:11+08:00"}
{"duration":"51.167µs","level":"info","method":"POST","msg":"Handled request","path":"/update/","size":72,"status":200,"time":"2024-04-02T16:28:11+08:00"}
{"duration":"26.75µs","level":"info","method":"POST","msg":"Handled request","path":"/update/gauge/Alloc/2.385456e+06","size":23,"status":200,"time":"2024-04-02T16:28:11+08:00"}
{"duration":"58.292µs","level":"info","method":"POST","msg":"Handled request","path":"/update/","size":82,"status":200,"time":"2024-04-02T16:28:11+08:00"}
{"duration":"31.458µs","level":"info","method":"POST","msg":"Handled request","path":"/update/gauge/StackSys/622592","size":23,"status":200,"time":"2024-04-02T16:28:11+08:00"}
{"duration":"33.833µs","level":"info","method":"POST","msg":"Handled request","path":"/update/gauge/LastGC/1.712046481445908e+18","size":23,"status":200,"time":"2024-04-02T16:28:11+08:00"}
{"duration":"49.375µs","level":"info","method":"POST","msg":"Handled request","path":"/update/","size":69,"status":200,"time":"2024-04-02T16:28:11+08:00"}
{"duration":"31.167µs","level":"info","method":"POST","msg":"Handled request","path":"/update/gauge/HeapAlloc/2.385456e+06","size":23,"status":200,"time":"2024-04-02T16:28:11+08:00"}
{"duration":"50.75µs","level":"info","method":"POST","msg":"Handled request","path":"/update/","size":71,"status":200,"time":"2024-04-02T16:28:11+08:00"}
{"duration":"38µs","level":"info","method":"POST","msg":"Handled request","path":"/update/gauge/MCacheSys/15600","size":23,"status":200,"time":"2024-04-02T16:28:11+08:00"}
{"duration":"74.208µs","level":"info","method":"POST","msg":"Handled request","path":"/update/","size":82,"status":200,"time":"2024-04-02T16:28:11+08:00"}
{"duration":"29.458µs","level":"info","method":"POST","msg":"Handled request","path":"/update/gauge/MSpanInuse/116160","size":23,"status":200,"time":"2024-04-02T16:28:11+08:00"}
{"duration":"52.5µs","level":"info","method":"POST","msg":"Handled request","path":"/update/","size":73,"status":200,"time":"2024-04-02T16:28:11+08:00"}
{"duration":"35.25µs","level":"info","method":"POST","msg":"Handled request","path":"/update/gauge/HeapInuse/3.407872e+06","size":23,"status":200,"time":"2024-04-02T16:28:11+08:00"}
{"duration":"34.666µs","level":"info","method":"POST","msg":"Handled request","path":"/update/gauge/NextGC/4.194304e+06","size":23,"status":200,"time":"2024-04-02T16:28:11+08:00"}
{"duration":"54.583µs","level":"info","method":"POST","msg":"Handled request","path":"/update/","size":71,"status":200,"time":"2024-04-02T16:28:11+08:00"}
{"duration":"32.875µs","level":"info","method":"POST","msg":"Handled request","path":"/update/gauge/Lookups/0","size":23,"status":200,"time":"2024-04-02T16:28:11+08:00"}
{"duration":"60.083µs","level":"info","method":"POST","msg":"Handled request","path":"/update/","size":71,"status":200,"time":"2024-04-02T16:28:11+08:00"}
{"duration":"27.583µs","level":"info","method":"POST","msg":"Handled request","path":"/update/counter/PollCount/10","size":23,"status":200,"time":"2024-04-02T16:28:11+08:00"}
{"duration":"70.667µs","level":"info","method":"POST","msg":"Handled request","path":"/update/","size":71,"status":200,"time":"2024-04-02T16:28:11+08:00"}
{"duration":"31.375µs","level":"info","method":"POST","msg":"Handled request","path":"/update/gauge/MSpanSys/146880","size":23,"status":200,"time":"2024-04-02T16:28:11+08:00"}
{"duration":"96.667µs","level":"info","method":"POST","msg":"Handled request","path":"/update/","size":70,"status":200,"time":"2024-04-02T16:28:11+08:00"}
{"duration":"67.041µs","level":"info","method":"POST","msg":"Handled request","path":"/update/gauge/GCCPUFraction/0.00025418317578728046","size":23,"status":200,"time":"2024-04-02T16:28:11+08:00"}
{"duration":"59.667µs","level":"info","method":"POST","msg":"Handled request","path":"/update/","size":65,"status":200,"time":"2024-04-02T16:28:11+08:00"}
{"duration":"84µs","level":"info","method":"POST","msg":"Handled request","path":"/update/gauge/MCacheInuse/13200","size":23,"status":200,"time":"2024-04-02T16:28:11+08:00"}
{"duration":"81.292µs","level":"info","method":"POST","msg":"Handled request","path":"/update/","size":68,"status":200,"time":"2024-04-02T16:28:11+08:00"}
{"duration":"28.459µs","level":"info","method":"POST","msg":"Handled request","path":"/update/gauge/OtherSys/1.820708e+06","size":23,"status":200,"time":"2024-04-02T16:28:11+08:00"}
{"duration":"154.375µs","level":"info","method":"POST","msg":"Handled request","path":"/update/","size":71,"status":200,"time":"2024-04-02T16:28:11+08:00"}
{"duration":"55.333µs","level":"info","method":"POST","msg":"Handled request","path":"/update/","size":92,"status":200,"time":"2024-04-02T16:28:11+08:00"}
{"duration":"59.542µs","level":"info","method":"POST","msg":"Handled request","path":"/update/","size":71,"status":200,"time":"2024-04-02T16:28:11+08:00"}
{"duration":"79.834µs","level":"info","method":"POST","msg":"Handled request","path":"/update/","size":72,"status":200,"time":"2024-04-02T16:28:11+08:00"}
{"duration":"134.5µs","level":"info","method":"POST","msg":"Handled request","path":"/update/gauge/LastGC/1.712046491428409e+18","size":23,"status":200,"time":"2024-04-02T16:28:21+08:00"}
{"duration":"107.959µs","level":"info","method":"POST","msg":"Handled request","path":"/update/gauge/MSpanInuse/121760","size":23,"status":200,"time":"2024-04-02T16:28:21+08:00"}
{"duration":"714.084µs","level":"info","method":"POST","msg":"Handled request","path":"/update/","size":82,"status":200,"time":"2024-04-02T16:28:21+08:00"}
{"duration":"104.667µs","level":"info","method":"POST","msg":"Handled request","path":"/update/gauge/HeapInuse/3.334144e+06","size":23,"status":200,"time":"2024-04-02T16:28:21+08:00"}
{"duration":"237µs","level":"info","method":"POST","msg":"Handled request","path":"/update/","size":71,"status":200,"time":"2024-04-02T16:28:21+08:00"}
{"duration":"89.083µs","level":"info","method":"POST","msg":"Handled request","path":"/update/gauge/MCacheInuse/13200","size":23,"status":200,"time":"2024-04-02T16:28:21+08:00"}
{"duration":"219.584µs","level":"info","method":"POST","msg":"Handled request","path":"/update/","size":71,"status":200,"time":"2024-04-02T16:28:21+08:00"}
{"duration":"93.458µs","level":"info","method":"POST","msg":"Handled request","path":"/update/gauge/Lookups/0","size":23,"status":200,"time":"2024-04-02T16:28:21+08:00"}
{"duration":"226.375µs","level":"info","method":"POST","msg":"Handled request","path":"/update/","size":71,"status":200,"time":"2024-04-02T16:28:21+08:00"}
{"duration":"115.25µs","level":"info","method":"POST","msg":"Handled request","path":"/update/gauge/HeapObjects/1357","size":23,"status":200,"time":"2024-04-02T16:28:21+08:00"}
{"duration":"105.083µs","level":"info","method":"POST","msg":"Handled request","path":"/update/gauge/HeapSys/1.1894784e+07","size":23,"status":200,"time":"2024-04-02T16:28:21+08:00"}
{"duration":"199.541µs","level":"info","method":"POST","msg":"Handled request","path":"/update/","size":65,"status":200,"time":"2024-04-02T16:28:21+08:00"}
{"duration":"86.75µs","level":"info","method":"POST","msg":"Handled request","path":"/update/gauge/GCSys/2.523936e+06","size":23,"status":200,"time":"2024-04-02T16:28:21+08:00"}
{"duration":"161.208µs","level":"info","method":"POST","msg":"Handled request","path":"/update/","size":72,"status":200,"time":"2024-04-02T16:28:21+08:00"}
{"duration":"81.416µs","level":"info","method":"POST","msg":"Handled request","path":"/update/gauge/HeapAlloc/2.324064e+06","size":23,"status":200,"time":"2024-04-02T16:28:21+08:00"}
{"duration":"178.584µs","level":"info","method":"POST","msg":"Handled request","path":"/update/","size":72,"status":200,"time":"2024-04-02T16:28:21+08:00"}
{"duration":"99.541µs","level":"info","method":"POST","msg":"Handled request","path":"/update/gauge/TotalAlloc/1.0688256e+08","size":23,"status":200,"time":"2024-04-02T16:28:21+08:00"}
{"duration":"183.542µs","level":"info","method":"POST","msg":"Handled request","path":"/update/","size":69,"status":200,"time":"2024-04-02T16:28:21+08:00"}
{"duration":"92.084µs","level":"info","method":"POST","msg":"Handled request","path":"/update/gauge/MCacheSys/15600","size":23,"status":200,"time":"2024-04-02T16:28:21+08:00"}
{"duration":"172.959µs","level":"info","method":"POST","msg":"Handled request","path":"/update/","size":73,"status":200,"time":"2024-04-02T16:28:21+08:00"}
{"duration":"92.583µs","level":"info","method":"POST","msg":"Handled request","path":"/update/gauge/HeapReleased/7.135232e+06","size":23,"status":200,"time":"2024-04-02T16:28:21+08:00"}
{"duration":"112µs","level":"info","method":"POST","msg":"Handled request","path":"/update/gauge/HeapIdle/8.56064e+06","size":23,"status":200,"time":"2024-04-02T16:28:21+08:00"}
{"duration":"158.083µs","level":"info","method":"POST","msg":"Handled request","path":"/update/","size":76,"status":200,"time":"2024-04-02T16:28:21+08:00"}
{"duration":"101.834µs","level":"info","method":"POST","msg":"Handled request","path":"/update/gauge/Mallocs/23391","size":23,"status":200,"time":"2024-04-02T16:28:21+08:00"}
{"duration":"159.75µs","level":"info","method":"POST","msg":"Handled request","path":"/update/","size":71,"status":200,"time":"2024-04-02T16:28:21+08:00"}
{"duration":"88.416µs","level":"info","method":"POST","msg":"Handled request","path":"/update/gauge/StackInuse/655360","size":23,"status":200,"time":"2024-04-02T16:28:21+08:00"}
{"duration":"201.25µs","level":"info","method":"POST","msg":"Handled request","path":"/update/","size":76,"status":200,"time":"2024-04-02T16:28:21+08:00"}
{"duration":"144.292µs","level":"info","method":"POST","msg":"Handled request","path":"/update/gauge/BuckHashSys/7708","size":23,"status":200,"time":"2024-04-02T16:28:21+08:00"}
{"duration":"237.333µs","level":"info","method":"POST","msg":"Handled request","path":"/update/","size":70,"status":200,"time":"2024-04-02T16:28:21+08:00"}
{"duration":"111.375µs","level":"info","method":"POST","msg":"Handled request","path":"/update/gauge/Sys/1.7058832e+07","size":23,"status":200,"time":"2024-04-02T16:28:21+08:00"}
{"duration":"136.583µs","level":"info","method":"POST","msg":"Handled request","path":"/update/","size":69,"status":200,"time":"2024-04-02T16:28:21+08:00"}
{"duration":"238.167µs","level":"info","method":"POST","msg":"Handled request","path":"/update/gauge/NextGC/4.194304e+06","size":23,"status":200,"time":"2024-04-02T16:28:21+08:00"}
{"duration":"61.875µs","level":"info","method":"POST","msg":"Handled request","path":"/update/gauge/Frees/22034","size":23,"status":200,"time":"2024-04-02T16:28:21+08:00"}
{"duration":"162.208µs","level":"info","method":"POST","msg":"Handled request","path":"/update/","size":71,"status":200,"time":"2024-04-02T16:28:21+08:00"}
{"duration":"58.917µs","level":"info","method":"POST","msg":"Handled request","path":"/update/gauge/StackSys/655360","size":23,"status":200,"time":"2024-04-02T16:28:21+08:00"}
{"duration":"180µs","level":"info","method":"POST","msg":"Handled request","path":"/update/","size":72,"status":200,"time":"2024-04-02T16:28:21+08:00"}
{"duration":"55.875µs","level":"info","method":"POST","msg":"Handled request","path":"/update/gauge/MSpanSys/146880","size":23,"status":200,"time":"2024-04-02T16:28:21+08:00"}
{"duration":"101.375µs","level":"info","method":"POST","msg":"Handled request","path":"/update/","size":68,"status":200,"time":"2024-04-02T16:28:21+08:00"}
{"duration":"60.958µs","level":"info","method":"POST","msg":"Handled request","path":"/update/gauge/OtherSys/1.814564e+06","size":23,"status":200,"time":"2024-04-02T16:28:21+08:00"}
{"duration":"91.042µs","level":"info","method":"POST","msg":"Handled request","path":"/update/","size":70,"status":200,"time":"2024-04-02T16:28:21+08:00"}
{"duration":"58.958µs","level":"info","method":"POST","msg":"Handled request","path":"/update/gauge/RandomValue/0.4363633367242868","size":23,"status":200,"time":"2024-04-02T16:28:21+08:00"}
{"duration":"95.208µs","level":"info","method":"POST","msg":"Handled request","path":"/update/","size":67,"status":200,"time":"2024-04-02T16:28:21+08:00"}
{"duration":"55.166µs","level":"info","method":"POST","msg":"Handled request","path":"/update/gauge/NumForcedGC/0","size":23,"status":200,"time":"2024-04-02T16:28:21+08:00"}
{"duration":"91.125µs","level":"info","method":"POST","msg":"Handled request","path":"/update/","size":71,"status":200,"time":"2024-04-02T16:28:21+08:00"}
{"duration":"73.917µs","level":"info","method":"POST","msg":"Handled request","path":"/update/","size":71,"status":200,"time":"2024-04-02T16:28:21+08:00"}
{"duration":"50.041µs","level":"info","method":"POST","msg":"Handled request","path":"/update/gauge/NumGC/48","size":23,"status":200,"time":"2024-04-02T16:28:21+08:00"}
{"duration":"54.167µs","level":"info","method":"POST","msg":"Handled request","path":"/update/gauge/PauseTotalNs/2.99254e+06","size":23,"status":200,"time":"2024-04-02T16:28:21+08:00"}
{"duration":"88.084µs","level":"info","method":"POST","msg":"Handled request","path":"/update/","size":72,"status":200,"time":"2024-04-02T16:28:21+08:00"}
{"duration":"53.625µs","level":"info","method":"POST","msg":"Handled request","path":"/update/counter/PollCount/15","size":23,"status":200,"time":"2024-04-02T16:28:21+08:00"}
{"duration":"113.208µs","level":"info","method":"POST","msg":"Handled request","path":"/update/","size":81,"status":200,"time":"2024-04-02T16:28:21+08:00"}
{"duration":"46.834µs","level":"info","method":"POST","msg":"Handled request","path":"/update/gauge/Alloc/2.324064e+06","size":23,"status":200,"time":"2024-04-02T16:28:21+08:00"}
{"duration":"83.083µs","level":"info","method":"POST","msg":"Handled request","path":"/update/","size":69,"status":200,"time":"2024-04-02T16:28:21+08:00"}
{"duration":"60.458µs","level":"info","method":"POST","msg":"Handled request","path":"/update/gauge/GCCPUFraction/0.00023782131983634","size":23,"status":200,"time":"2024-04-02T16:28:21+08:00"}
{"duration":"82.958µs","level":"info","method":"POST","msg":"Handled request","path":"/update/","size":64,"status":200,"time":"2024-04-02T16:28:21+08:00"}
{"duration":"100.375µs","level":"info","method":"POST","msg":"Handled request","path":"/update/","size":76,"status":200,"time":"2024-04-02T16:28:21+08:00"}
{"duration":"80.708µs","level":"info","method":"POST","msg":"Handled request","path":"/update/","size":68,"status":200,"time":"2024-04-02T16:28:21+08:00"}
{"duration":"101.333µs","level":"info","method":"POST","msg":"Handled request","path":"/update/","size":69,"status":200,"time":"2024-04-02T16:28:21+08:00"}
{"duration":"85.792µs","level":"info","method":"POST","msg":"Handled request","path":"/update/","size":89,"status":200,"time":"2024-04-02T16:28:21+08:00"}
{"duration":"1.323334ms","level":"info","method":"POST","msg":"Handled request","path":"/update/gauge/MCacheSys/15600","size":23,"status":200,"time":"2024-04-02T16:41:49+08:00"}
{"duration":"55.041µs","level":"info","method":"POST","msg":"Handled request","path":"/update/gauge/PauseTotalNs/0","size":23,"status":200,"time":"2024-04-02T16:41:49+08:00"}
{"duration":"439.5µs","level":"info","method":"POST","msg":"Handled request","path":"/update/","size":71,"status":200,"time":"2024-04-02T16:41:49+08:00"}
{"duration":"465.833µs","level":"info","method":"POST","msg":"Handled request","path":"/update/gauge/Mallocs/1144","size":23,"status":200,"time":"2024-04-02T16:41:49+08:00"}
{"duration":"746.75µs","level":"info","method":"POST","msg":"Handled request","path":"/update/","size":70,"status":200,"time":"2024-04-02T16:41:49+08:00"}
{"duration":"141.875µs","level":"info","method":"POST","msg":"Handled request","path":"/update/gauge/Lookups/0","size":23,"status":200,"time":"2024-04-02T16:41:49+08:00"}
{"duration":"37.5µs","level":"info","method":"POST","msg":"Handled request","path":"/update/gauge/StackInuse/327680","size":23,"status":200,"time":"2024-04-02T16:41:49+08:00"}
{"duration":"658.167µs","level":"info","method":"POST","msg":"Handled request","path":"/update/","size":68,"status":200,"time":"2024-04-02T16:41:49+08:00"}
{"duration":"315.583µs","level":"info","method":"POST","msg":"Handled request","path":"/update/gauge/RandomValue/0.09746878777483192","size":23,"status":200,"time":"2024-04-02T16:41:49+08:00"}
{"duration":"96.125µs","level":"info","method":"POST","msg":"Handled request","path":"/update/gauge/GCSys/1.782448e+06","size":23,"status":200,"time":"2024-04-02T16:41:49+08:00"}
{"duration":"159.541µs","level":"info","method":"POST","msg":"Handled request","path":"/update/","size":65,"status":200,"time":"2024-04-02T16:41:49+08:00"}
{"duration":"38.791µs","level":"info","method":"POST","msg":"Handled request","path":"/update/gauge/StackSys/327680","size":23,"status":200,"time":"2024-04-02T16:41:49+08:00"}
{"duration":"62.917µs","level":"info","method":"POST","msg":"Handled request","path":"/update/gauge/TotalAlloc/311984","size":23,"status":200,"time":"2024-04-02T16:41:49+08:00"}
{"duration":"349.333µs","level":"info","method":"POST","msg":"Handled request","path":"/update/","size":71,"status":200,"time":"2024-04-02T16:41:49+08:00"}
{"duration":"34.167µs","level":"info","method":"POST","msg":"Handled request","path":"/update/gauge/HeapAlloc/311984","size":23,"status":200,"time":"2024-04-02T16:41:49+08:00"}
{"duration":"99.708µs","level":"info","method":"POST","msg":"Handled request","path":"/update/","size":82,"status":200,"time":"2024-04-02T16:41:49+08:00"}
{"duration":"26.833µs","level":"info","method":"POST","msg":"Handled request","path":"/update/gauge/HeapIdle/2.973696e+06","size":23,"status":200,"time":"2024-04-02T16:41:49+08:00"}
{"duration":"484.333µs","level":"info","method":"POST","msg":"Handled request","path":"/update/gauge/MSpanInuse/24000","size":23,"status":200,"time":"2024-04-02T16:41:49+08:00"}
{"duration":"590µs","level":"info","method":"POST","msg":"Handled request","path":"/update/","size":69,"status":200,"time":"2024-04-02T16:41:49+08:00"}
{"duration":"26.583µs","level":"info","method":"POST","msg":"Handled request","path":"/update/gauge/NumForcedGC/0","size":23,"status":200,"time":"2024-04-02T16:41:49+08:00"}
{"duration":"73.833µs","level":"info","method":"POST","msg":"Handled request","path":"/update/","size":71,"status":200,"time":"2024-04-02T16:41:49+08:00"}
{"duration":"53.458µs","level":"info","method":"POST","msg":"Handled request","path":"/update/gauge/HeapInuse/892928","size":23,"status":200,"time":"2024-04-02T16:41:49+08:00"}
{"duration":"99.792µs","level":"info","method":"POST","msg":"Handled request","path":"/update/","size":73,"status":200,"time":"2024-04-02T16:41:49+08:00"}
{"duration":"285.584µs","level":"info","method":"POST","msg":"Handled request","path":"/update/counter/PollCount/5","size":23,"status":200,"time":"2024-04-02T16:41:49+08:00"}
{"duration":"56.416µs","level":"info","method":"POST","msg":"Handled request","path":"/update/gauge/HeapObjects/1090","size":23,"status":200,"time":"2024-04-02T16:41:49+08:00"}
{"duration":"122.917µs","level":"info","method":"POST","msg":"Handled request","path":"/update/","size":72,"status":200,"time":"2024-04-02T16:41:49+08:00"}
{"duration":"65.5µs","level":"info","method":"POST","msg":"Handled request","path":"/update/","size":70,"status":200,"time":"2024-04-02T16:41:49+08:00"}
{"duration":"84.167µs","level":"info","method":"POST","msg":"Handled request","path":"/update/gauge/NextGC/4.194304e+06","size":23,"status":200,"time":"2024-04-02T16:41:49+08:00"}
{"duration":"26.625µs","level":"info","method":"POST","msg":"Handled request","path":"/update/gauge/MCacheInuse/13200","size":23,"status":200,"time":"2024-04-02T16:41:49+08:00"}
{"duration":"64.833µs","level":"info","method":"POST","msg":"Handled request","path":"/update/","size":70,"status":200,"time":"2024-04-02T16:41:49+08:00"}
{"duration":"48.292µs","level":"info","method":"POST","msg":"Handled request","path":"/update/gauge/OtherSys/409300","size":23,"status":200,"time":"2024-04-02T16:41:49+08:00"}
{"duration":"90.709µs","level":"info","method":"POST","msg":"Handled request","path":"/update/","size":69,"status":200,"time":"2024-04-02T16:41:49+08:00"}
{"duration":"84.75µs","level":"info","method":"POST","msg":"Handled request","path":"/update/gauge/Frees/54","size":23,"status":200,"time":"2024-04-02T16:41:49+08:00"}
{"duration":"646.25µs","level":"info","method":"POST","msg":"Handled request","path":"/update/","size":70,"status":200,"time":"2024-04-02T16:41:49+08:00"}
{"duration":"313.125µs","level":"info","method":"POST","msg":"Handled request","path":"/update/gauge/GCCPUFraction/0","size":23,"status":200,"time":"2024-04-02T16:41:49+08:00"}
{"duration":"25.833µs","level":"info","method":"POST","msg":"Handled request","path":"/update/gauge/Sys/6.442e+06","size":23,"status":200,"time":"2024-04-02T16:41:49+08:00"}
{"duration":"66.209µs","level":"info","method":"POST","msg":"Handled request","path":"/update/","size":68,"status":200,"time":"2024-04-02T16:41:49+08:00"}
{"duration":"23.417µs","level":"info","method":"POST","msg":"Handled request","path":"/update/gauge/MSpanSys/32640","size":23,"status":200,"time":"2024-04-02T16:41:49+08:00"}
{"duration":"56.542µs","level":"info","method":"POST","msg":"Handled request","path":"/update/","size":72,"status":200,"time":"2024-04-02T16:41:49+08:00"}
{"duration":"18.167µs","level":"info","method":"POST","msg":"Handled request","path":"/update/gauge/NumGC/0","size":23,"status":200,"time":"2024-04-02T16:41:49+08:00"}
{"duration":"572.75µs","level":"info","method":"POST","msg":"Handled request","path":"/update/gauge/LastGC/0","size":23,"status":200,"time":"2024-04-02T16:41:49+08:00"}
{"duration":"200.5µs","level":"info","method":"POST","msg":"Handled request","path":"/update/","size":70,"status":200,"time":"2024-04-02T16:41:49+08:00"}
{"duration":"56.5µs","level":"info","method":"POST","msg":"Handled request","path":"/update/","size":71,"status":200,"time":"2024-04-02T16:41:49+08:00"}
{"duration":"41.667µs","level":"info","method":"POST","msg":"Handled request","path":"/update/gauge/HeapReleased/2.940928e+06","size":23,"status":200,"time":"2024-04-02T16:41:49+08:00"}
{"duration":"22.125µs","level":"info","method":"POST","msg":"Handled request","path":"/update/gauge/BuckHashSys/7708","size":23,"status":200,"time":"2024-04-02T16:41:49+08:00"}
{"duration":"142.958µs","level":"info","method":"POST","msg":"Handled request","path":"/update/","size":71,"status":200,"time":"2024-04-02T16:41:49+08:00"}
{"duration":"573.375µs","level":"info","method":"POST","msg":"Handled request","path":"/update/gauge/Alloc/311984","size":23,"status":200,"time":"2024-04-02T16:41:49+08:00"}
{"duration":"70.916µs","level":"info","method":"POST","msg":"Handled request","path":"/update/","size":64,"status":200,"time":"2024-04-02T16:41:49+08:00"}
{"duration":"22.917µs","level":"info","method":"POST","msg":"Handled request","path":"/update/gauge/HeapSys/3.866624e+06","size":23,"status":200,"time":"2024-04-02T16:41:49+08:00"}
{"duration":"144.5µs","level":"info","method":"POST","msg":"Handled request","path":"/update/","size":71,"status":200,"time":"2024-04-02T16:41:49+08:00"}
{"duration":"165.792µs","level":"info","method":"POST","msg":"Handled request","path":"/update/","size":67,"status":200,"time":"2024-04-02T16:41:49+08:00"}
{"duration":"61.334µs","level":"info","method":"POST","msg":"Handled request","path":"/update/","size":70,"status":200,"time":"2024-04-02T16:41:49+08:00"}
{"duration":"55.917µs","level":"info","method":"POST","msg":"Handled request","path":"/update/","size":63,"status":200,"time":"2024-04-02T16:41:49+08:00"}
{"duration":"52.958µs","level":"info","method":"POST","msg":"Handled request","path":"/update/","size":64,"status":200,"time":"2024-04-02T16:41:49+08:00"}
{"duration":"45.583µs","level":"info","method":"POST","msg":"Handled request","path":"/update/","size":76,"status":200,"time":"2024-04-02T16:41:49+08:00"}
{"duration":"497.959µs","level":"info","method":"POST","msg":"Handled request","path":"/update/","size":72,"status":200,"time":"2024-04-02T16:41:49+08:00"}
{"duration":"44.708µs","level":"info","method":"POST","msg":"Handled request","path":"/update/","size":68,"status":200,"time":"2024-04-02T16:41:49+08:00"}
{"duration":"50.875µs","level":"info","method":"POST","msg":"Handled request","path":"/update/","size":71,"status":200,"time":"2024-04-02T16:41:49+08:00"}
{"duration":"103.834µs","level":"info","method":"POST","msg":"Handled request","path":"/update/gauge/NumForcedGC/0","size":23,"status":200,"time":"2024-04-02T16:41:59+08:00"}
{"duration":"91.583µs","level":"info","method":"POST","msg":"Handled request","path":"/update/gauge/StackInuse/655360","size":23,"status":200,"time":"2024-04-02T16:41:59+08:00"}
{"duration":"1.281ms","level":"info","method":"POST","msg":"Handled request","path":"/update/","size":69,"status":200,"time":"2024-04-02T16:41:59+08:00"}
{"duration":"72.417µs","level":"info","method":"POST","msg":"Handled request","path":"/update/gauge/HeapReleased/6.955008e+06","size":23,"status":200,"time":"2024-04-02T16:41:59+08:00"}
{"duration":"242.792µs","level":"info","method":"POST","msg":"Handled request","path":"/update/","size":71,"status":200,"time":"2024-04-02T16:41:59+08:00"}
{"duration":"52.75µs","level":"info","method":"POST","msg":"Handled request","path":"/update/gauge/LastGC/1.712047309196995e+18","size":23,"status":200,"time":"2024-04-02T16:41:59+08:00"}
{"duration":"346.875µs","level":"info","method":"POST","msg":"Handled request","path":"/update/gauge/PauseTotalNs/2.150419e+06","size":23,"status":200,"time":"2024-04-02T16:41:59+08:00"}
{"duration":"929.708µs","level":"info","method":"POST","msg":"Handled request","path":"/update/","size":76,"status":200,"time":"2024-04-02T16:41:59+08:00"}
{"duration":"33.583µs","level":"info","method":"POST","msg":"Handled request","path":"/update/gauge/Frees/11415","size":23,"status":200,"time":"2024-04-02T16:41:59+08:00"}
{"duration":"146.958µs","level":"info","method":"POST","msg":"Handled request","path":"/update/","size":82,"status":200,"time":"2024-04-02T16:41:59+08:00"}
{"duration":"106.875µs","level":"info","method":"POST","msg":"Handled request","path":"/update/gauge/GCCPUFraction/0.0003180371333122139","size":23,"status":200,"time":"2024-04-02T16:41:59+08:00"}
{"duration":"239.667µs","level":"info","method":"POST","msg":"Handled request","path":"/update/","size":76,"status":200,"time":"2024-04-02T16:41:59+08:00"}
{"duration":"290.917µs","level":"info","method":"POST","msg":"Handled request","path":"/update/gauge/TotalAlloc/5.3892752e+07","size":23,"status":200,"time":"2024-04-02T16:41:59+08:00"}
{"duration":"522.792µs","level":"info","method":"POST","msg":"Handled request","path":"/update/gauge/BuckHashSys/7708","size":23,"status":200,"time":"2024-04-02T16:41:59+08:00"}
{"duration":"838.083µs","level":"info","method":"POST","msg":"Handled request","path":"/update/","size":67,"status":200,"time":"2024-04-02T16:41:59+08:00"}
{"duration":"35.208µs","level":"info","method":"POST","msg":"Handled request","path":"/update/gauge/HeapSys/1.1911168e+07","size":23,"status":200,"time":"2024-04-02T16:41:59+08:00"}
{"duration":"101.292µs","level":"info","method":"POST","msg":"Handled request","path":"/update/","size":91,"status":200,"time":"2024-04-02T16:41:59+08:00"}
{"duration":"39.875µs","level":"info","method":"POST","msg":"Handled request","path":"/update/gauge/GCSys/2.49936e+06","size":23,"status":200,"time":"2024-04-02T16:41:59+08:00"}
{"duration":"127.125µs","level":"info","method":"POST","msg":"Handled request","path":"/update/","size":75,"status":200,"time":"2024-04-02T16:41:59+08:00"}
{"duration":"215.458µs","level":"info","method":"POST","msg":"Handled request","path":"/update/gauge/OtherSys/1.855396e+06","size":23,"status":200,"time":"2024-04-02T16:41:59+08:00"}
{"duration":"207.958µs","level":"info","method":"POST","msg":"Handled request","path":"/update/","size":72,"status":200,"time":"2024-04-02T16:41:59+08:00"}
{"duration":"40.416µs","level":"info","method":"POST","msg":"Handled request","path":"/update/gauge/MCacheInuse/13200","size":23,"status":200,"time":"2024-04-02T16:41:59+08:00"}
{"duration":"99.25µs","level":"info","method":"POST","msg":"Handled request","path":"/update/","size":72,"status":200,"time":"2024-04-02T16:41:59+08:00"}
{"duration":"42.791µs","level":"info","method":"POST","msg":"Handled request","path":"/update/gauge/HeapObjects/1145","size":23,"status":200,"time":"2024-04-02T16:41:59+08:00"}
{"duration":"117.209µs","level":"info","method":"POST","msg":"Handled request","path":"/update/","size":69,"status":200,"time":"2024-04-02T16:41:59+08:00"}
{"duration":"116µs","level":"info","method":"POST","msg":"Handled request","path":"/update/gauge/StackSys/655360","size":23,"status":200,"time":"2024-04-02T16:41:59+08:00"}
{"duration":"273.333µs","level":"info","method":"POST","msg":"Handled request","path":"/update/gauge/HeapIdle/9.37984e+06","size":23,"status":200,"time":"2024-04-02T16:41:59+08:00"}
{"duration":"523.083µs","level":"info","method":"POST","msg":"Handled request","path":"/update/","size":72,"status":200,"time":"2024-04-02T16:41:59+08:00"}
{"duration":"32.708µs","level":"info","method":"POST","msg":"Handled request","path":"/update/gauge/Alloc/1.430288e+06","size":23,"status":200,"time":"2024-04-02T16:41:59+08:00"}
{"duration":"105.167µs","level":"info","method":"POST","msg":"Handled request","path":"/update/","size":71,"status":200,"time":"2024-04-02T16:41:59+08:00"}
{"duration":"31.708µs","level":"info","method":"POST","msg":"Handled request","path":"/update/gauge/HeapInuse/2.531328e+06","size":23,"status":200,"time":"2024-04-02T16:41:59+08:00"}
{"duration":"75.958µs","level":"info","method":"POST","msg":"Handled request","path":"/update/","size":72,"status":200,"time":"2024-04-02T16:41:59+08:00"}
{"duration":"31.375µs","level":"info","method":"POST","msg":"Handled request","path":"/update/gauge/MSpanSys/114240","size":23,"status":200,"time":"2024-04-02T16:41:59+08:00"}
{"duration":"43.5µs","level":"info","method":"POST","msg":"Handled request","path":"/update/gauge/MSpanInuse/108800","size":23,"status":200,"time":"2024-04-02T16:41:59+08:00"}
{"duration":"446.916µs","level":"info","method":"POST","msg":"Handled request","path":"/update/","size":71,"status":200,"time":"2024-04-02T16:41:59+08:00"}
{"duration":"34.125µs","level":"info","method":"POST","msg":"Handled request","path":"/update/gauge/Sys/1.7058832e+07","size":23,"status":200,"time":"2024-04-02T16:41:59+08:00"}
{"duration":"76.5µs","level":"info","method":"POST","msg":"Handled request","path":"/update/","size":70,"status":200,"time":"2024-04-02T16:41:59+08:00"}
{"duration":"30.666µs","level":"info","method":"POST","msg":"Handled request","path":"/update/gauge/RandomValue/0.8354567376775665","size":23,"status":200,"time":"2024-04-02T16:41:59+08:00"}
{"duration":"87.041µs","level":"info","method":"POST","msg":"Handled request","path":"/update/","size":69,"status":200,"time":"2024-04-02T16:41:59+08:00"}
{"duration":"112.5µs","level":"info","method":"POST","msg":"Handled request","path":"/update/gauge/Mallocs/12560","size":23,"status":200,"time":"2024-04-02T16:41:59+08:00"}
{"duration":"74.375µs","level":"info","method":"POST","msg":"Handled request","path":"/update/","size":71,"status":200,"time":"2024-04-02T16:41:59+08:00"}
{"duration":"29.291µs","level":"info","method":"POST","msg":"Handled request","path":"/update/gauge/MCacheSys/15600","size":23,"status":200,"time":"2024-04-02T16:41:59+08:00"}
{"duration":"72.208µs","level":"info","method":"POST","msg":"Handled request","path":"/update/","size":71,"status":200,"time":"2024-04-02T16:41:59+08:00"}
{"duration":"302.291µs","level":"info","method":"POST","msg":"Handled request","path":"/update/counter/PollCount/10","size":23,"status":200,"time":"2024-04-02T16:41:59+08:00"}
{"duration":"46.75µs","level":"info","method":"POST","msg":"Handled request","path":"/update/gauge/NumGC/25","size":23,"status":200,"time":"2024-04-02T16:41:59+08:00"}
{"duration":"137.708µs","level":"info","method":"POST","msg":"Handled request","path":"/update/","size":71,"status":200,"time":"2024-04-02T16:41:59+08:00"}
{"duration":"47.75µs","level":"info","method":"POST","msg":"Handled request","path":"/update/gauge/NextGC/4.194304e+06","size":23,"status":200,"time":"2024-04-02T16:41:59+08:00"}
{"duration":"221.083µs","level":"info","method":"POST","msg":"Handled request","path":"/update/gauge/HeapAlloc/1.430288e+06","size":23,"status":200,"time":"2024-04-02T16:41:59+08:00"}
{"duration":"386.75µs","level":"info","method":"POST","msg":"Handled request","path":"/update/","size":68,"status":200,"time":"2024-04-02T16:41:59+08:00"}
{"duration":"27.541µs","level":"info","method":"POST","msg":"Handled request","path":"/update/gauge/Lookups/0","size":23,"status":200,"time":"2024-04-02T16:41:59+08:00"}
{"duration":"68.916µs","level":"info","method":"POST","msg":"Handled request","path":"/update/","size":81,"status":200,"time":"2024-04-02T16:41:59+08:00"}
{"duration":"86.584µs","level":"info","method":"POST","msg":"Handled request","path":"/update/","size":69,"status":200,"time":"2024-04-02T16:41:59+08:00"}
{"duration":"202.333µs","level":"info","method":"POST","msg":"Handled request","path":"/update/","size":71,"status":200,"time":"2024-04-02T16:41:59+08:00"}
{"duration":"225.5µs","level":"info","method":"POST","msg":"Handled request","path":"/update/","size":68,"status":200,"time":"2024-04-02T16:41:59+08:00"}
{"duration":"66.625µs","level":"info","method":"POST","msg":"Handled request","path":"/update/","size":64,"status":200,"time":"2024-04-02T16:41:59+08:00"}
{"duration":"66.792µs","level":"info","method":"POST","msg":"Handled request","path":"/update/","size":70,"status":200,"time":"2024-04-02T16:41:59+08:00"}
{"duration":"105.25µs","level":"info","method":"POST","msg":"Handled request","path":"/update/","size":73,"status":200,"time":"2024-04-02T16:41:59+08:00"}
{"duration":"77.125µs","level":"info","method":"POST","msg":"Handled request","path":"/update/","size":65,"status":200,"time":"2024-04-02T16:41:59+08:00"}
